ERROR 2025-10-31 05:03:09,096 views Recent students error: Got AttributeError when attempting to get a value for field `course_name` on serializer `StudentStatsSerializer`.
The serializer field might be named incorrectly and not match any attribute or key on the `CustomUser` instance.
Original exception text was: 'CustomUser' object has no attribute 'course_name'.
ERROR 2025-10-31 05:03:09,199 views Recent students error: Got AttributeError when attempting to get a value for field `course_name` on serializer `StudentStatsSerializer`.
The serializer field might be named incorrectly and not match any attribute or key on the `CustomUser` instance.
Original exception text was: 'CustomUser' object has no attribute 'course_name'.
ERROR 2025-10-31 05:05:18,141 views Recent students error: Got AttributeError when attempting to get a value for field `certificate_count` on serializer `StudentStatsSerializer`.
The serializer field might be named incorrectly and not match any attribute or key on the `CustomUser` instance.
Original exception text was: 'CustomUser' object has no attribute 'certificate_count'.
ERROR 2025-10-31 05:05:18,274 views Recent students error: Got AttributeError when attempting to get a value for field `certificate_count` on serializer `StudentStatsSerializer`.
The serializer field might be named incorrectly and not match any attribute or key on the `CustomUser` instance.
Original exception text was: 'CustomUser' object has no attribute 'certificate_count'.
ERROR 2025-10-31 05:07:15,240 views Recent students error: 'StudentStatsSerializer' object has no attribute 'get_certificate_count'
ERROR 2025-10-31 05:07:15,418 views Recent students error: 'StudentStatsSerializer' object has no attribute 'get_certificate_count'
ERROR 2025-10-31 05:10:25,946 views Update payment error: No CustomUser matches the given query.
ERROR 2025-10-31 05:10:56,330 views Toggle active error: No CustomUser matches the given query.
ERROR 2025-10-31 10:09:53,717 views Update payment error: '>' not supported between instances of 'str' and 'int'
ERROR 2025-11-05 08:57:06,725 views Update payment error: '>' not supported between instances of 'str' and 'int'
ERROR 2025-11-08 15:55:48,596 views Update payment error: '>' not supported between instances of 'datetime.date' and 'str'
INFO 2025-11-08 16:08:53,969 views update_payment called for student 48 by bimboadeleke4@gmail.com. payload: {'amount_paid': 90000, 'amount_owed': 120000, 'next_due_date': '2025-12-07'}
ERROR 2025-11-08 16:08:53,969 views Update payment failed for student 48
Traceback (most recent call last):
  File "C:\Users\HP\Desktop\RESTFRAMEWORK ALL\Parach SMS\student_management_system\admin_panel\views.py", line 346, in update_payment
    student.save()
  File "C:\Users\HP\Desktop\RESTFRAMEWORK ALL\Parach SMS\student_management_system\students\models.py", line 90, in save
    if self.next_due_date and timezone.now().date() > self.next_due_date and self.amount_paid < min_required:
TypeError: '>' not supported between instances of 'datetime.date' and 'str'
INFO 2025-11-08 16:26:51,807 views update_payment called for student 48 by bimboadeleke4@gmail.com. payload: {'amount_paid': 90000, 'amount_owed': 120000, 'next_due_date': '2025-12-07'}
ERROR 2025-11-12 08:44:52,407 views Toggle active error: No CustomUser matches the given query.
ERROR 2025-11-12 08:58:04,387 views Toggle active error: No CustomUser matches the given query.
ERROR 2025-11-16 13:58:50,310 views Update payment failed for student 51
Traceback (most recent call last):
  File "C:\Users\HP\AppData\Local\Programs\Python\Python38\lib\site-packages\django\shortcuts.py", line 85, in get_object_or_404
    return queryset.get(*args, **kwargs)
  File "C:\Users\HP\AppData\Local\Programs\Python\Python38\lib\site-packages\django\db\models\query.py", line 637, in get
    raise self.model.DoesNotExist(
students.models.CustomUser.DoesNotExist: CustomUser matching query does not exist.

During handling of the above exception, another exception occurred:

Traceback (most recent call last):
  File "C:\Users\HP\Desktop\RESTFRAMEWORK ALL\Parach SMS\student_management_system\admin_panel\views.py", line 311, in update_payment
    student = self.get_object()
  File "C:\Users\HP\AppData\Local\Programs\Python\Python38\lib\site-packages\rest_framework\generics.py", line 100, in get_object
    obj = get_object_or_404(queryset, **filter_kwargs)
  File "C:\Users\HP\AppData\Local\Programs\Python\Python38\lib\site-packages\rest_framework\generics.py", line 19, in get_object_or_404
    return _get_object_or_404(queryset, *filter_args, **filter_kwargs)
  File "C:\Users\HP\AppData\Local\Programs\Python\Python38\lib\site-packages\django\shortcuts.py", line 87, in get_object_or_404
    raise Http404(
django.http.response.Http404: No CustomUser matches the given query.
ERROR 2025-11-16 13:58:59,775 views Toggle active error: No CustomUser matches the given query.
ERROR 2025-11-16 13:59:02,695 views Toggle active error: No CustomUser matches the given query.
ERROR 2025-11-16 13:59:20,273 views Update payment failed for student 2
Traceback (most recent call last):
  File "C:\Users\HP\AppData\Local\Programs\Python\Python38\lib\site-packages\django\shortcuts.py", line 85, in get_object_or_404
    return queryset.get(*args, **kwargs)
  File "C:\Users\HP\AppData\Local\Programs\Python\Python38\lib\site-packages\django\db\models\query.py", line 637, in get
    raise self.model.DoesNotExist(
students.models.CustomUser.DoesNotExist: CustomUser matching query does not exist.

During handling of the above exception, another exception occurred:

Traceback (most recent call last):
  File "C:\Users\HP\Desktop\RESTFRAMEWORK ALL\Parach SMS\student_management_system\admin_panel\views.py", line 311, in update_payment
    student = self.get_object()
  File "C:\Users\HP\AppData\Local\Programs\Python\Python38\lib\site-packages\rest_framework\generics.py", line 100, in get_object
    obj = get_object_or_404(queryset, **filter_kwargs)
  File "C:\Users\HP\AppData\Local\Programs\Python\Python38\lib\site-packages\rest_framework\generics.py", line 19, in get_object_or_404
    return _get_object_or_404(queryset, *filter_args, **filter_kwargs)
  File "C:\Users\HP\AppData\Local\Programs\Python\Python38\lib\site-packages\django\shortcuts.py", line 87, in get_object_or_404
    raise Http404(
django.http.response.Http404: No CustomUser matches the given query.
ERROR 2025-11-16 14:00:21,360 views Toggle active error: No CustomUser matches the given query.
ERROR 2025-11-16 14:00:30,952 views Update payment failed for student 51
Traceback (most recent call last):
  File "C:\Users\HP\AppData\Local\Programs\Python\Python38\lib\site-packages\django\shortcuts.py", line 85, in get_object_or_404
    return queryset.get(*args, **kwargs)
  File "C:\Users\HP\AppData\Local\Programs\Python\Python38\lib\site-packages\django\db\models\query.py", line 637, in get
    raise self.model.DoesNotExist(
students.models.CustomUser.DoesNotExist: CustomUser matching query does not exist.

During handling of the above exception, another exception occurred:

Traceback (most recent call last):
  File "C:\Users\HP\Desktop\RESTFRAMEWORK ALL\Parach SMS\student_management_system\admin_panel\views.py", line 311, in update_payment
    student = self.get_object()
  File "C:\Users\HP\AppData\Local\Programs\Python\Python38\lib\site-packages\rest_framework\generics.py", line 100, in get_object
    obj = get_object_or_404(queryset, **filter_kwargs)
  File "C:\Users\HP\AppData\Local\Programs\Python\Python38\lib\site-packages\rest_framework\generics.py", line 19, in get_object_or_404
    return _get_object_or_404(queryset, *filter_args, **filter_kwargs)
  File "C:\Users\HP\AppData\Local\Programs\Python\Python38\lib\site-packages\django\shortcuts.py", line 87, in get_object_or_404
    raise Http404(
django.http.response.Http404: No CustomUser matches the given query.
ERROR 2025-11-16 14:03:04,402 views Update payment failed for student 51
Traceback (most recent call last):
  File "C:\Users\HP\AppData\Local\Programs\Python\Python38\lib\site-packages\django\shortcuts.py", line 85, in get_object_or_404
    return queryset.get(*args, **kwargs)
  File "C:\Users\HP\AppData\Local\Programs\Python\Python38\lib\site-packages\django\db\models\query.py", line 637, in get
    raise self.model.DoesNotExist(
students.models.CustomUser.DoesNotExist: CustomUser matching query does not exist.

During handling of the above exception, another exception occurred:

Traceback (most recent call last):
  File "C:\Users\HP\Desktop\RESTFRAMEWORK ALL\Parach SMS\student_management_system\admin_panel\views.py", line 311, in update_payment
    student = self.get_object()
  File "C:\Users\HP\AppData\Local\Programs\Python\Python38\lib\site-packages\rest_framework\generics.py", line 100, in get_object
    obj = get_object_or_404(queryset, **filter_kwargs)
  File "C:\Users\HP\AppData\Local\Programs\Python\Python38\lib\site-packages\rest_framework\generics.py", line 19, in get_object_or_404
    return _get_object_or_404(queryset, *filter_args, **filter_kwargs)
  File "C:\Users\HP\AppData\Local\Programs\Python\Python38\lib\site-packages\django\shortcuts.py", line 87, in get_object_or_404
    raise Http404(
django.http.response.Http404: No CustomUser matches the given query.
INFO 2025-11-16 14:05:57,177 views update_payment called for student 6 by bimboadeleke4@gmail.com. payload: {'amount_paid': 50000, 'amount_owed': 800000, 'next_due_date': '2025-12-15'}
ERROR 2025-11-16 14:06:26,292 views Toggle active error: No CustomUser matches the given query.
INFO 2025-11-16 14:27:33,192 views update_payment called for student 6 by bimboadeleke4@gmail.com. payload: {'amount_paid': 55000, 'amount_owed': 800000, 'next_due_date': '2025-12-15'}
INFO 2025-11-16 17:49:15,439 notifications WhatsApp sent to +2349077781076: SID SM9a92f164eed62697a7d4fd703bea6dd5
INFO 2025-11-16 17:59:13,073 notifications WhatsApp sent to +2349077781076: SID SMebdba9108aea9587ed450f9f1cb77026
INFO 2025-11-16 18:01:28,977 notifications WhatsApp sent to +2349077781076: SID SM3462d4a4181e0463f2613f819be39a26
INFO 2025-11-18 08:40:25,042 notifications WhatsApp sent to +2349077781076: SID SMb823b7518432ec678866ba3361eec19d
INFO 2025-11-18 08:42:39,108 notifications WhatsApp sent to +2349077781076: SID SM8417fde3aabe43d2f8df0ad7ce094fd7
INFO 2025-11-18 08:42:39,845 notifications WhatsApp sent to +2349077781076: SID SMdb07e5783e5fb3e2729a563a7afbe5f0
INFO 2025-11-21 10:22:05,691 notifications WhatsApp sent to +2349077781076: SID SM808abf6718d5389e19c9e0b6ab3f4fa9
